Apr 09, 2025 11:59:07 AM gui.FinanceSection setupLogger
INFO: Logger Successfully Initialized for FinanceSection
Apr 09, 2025 12:06:31 PM gui.FinanceSection setupLogger
INFO: Logger Successfully Initialized for FinanceSection
Apr 09, 2025 12:24:39 PM gui.FinanceSection setupLogger
INFO: Logger Successfully Initialized for FinanceSection
Apr 09, 2025 12:24:39 PM gui.FinanceSection loadFinanceInfo
SEVERE: Failed to Load Informationjava.sql.SQLSyntaxErrorException: Unknown column 'smount' in 'field list'
Apr 09, 2025 12:25:32 PM gui.FinanceSection setupLogger
INFO: Logger Successfully Initialized for FinanceSection
Apr 09, 2025 12:30:33 PM gui.FinanceSection setupLogger
INFO: Logger Successfully Initialized for FinanceSection
Apr 09, 2025 12:31:45 PM gui.FinanceSection setupLogger
INFO: Logger Successfully Initialized for FinanceSection
Apr 09, 2025 12:32:31 PM gui.FinanceSection setupLogger
INFO: Logger Successfully Initialized for FinanceSection
Apr 09, 2025 12:33:20 PM gui.FinanceSection setupLogger
INFO: Logger Successfully Initialized for FinanceSection
Apr 09, 2025 5:34:38 PM gui.FinanceSection setupLogger
INFO: Logger Successfully Initialized for FinanceSection
Apr 09, 2025 5:36:11 PM gui.FinanceSection setupLogger
INFO: Logger Successfully Initialized for FinanceSection
Apr 09, 2025 5:52:19 PM gui.FinanceSection setupLogger
INFO: Logger Successfully Initialized for FinanceSection
Apr 09, 2025 5:53:04 PM gui.FinanceSection setupLogger
INFO: Logger Successfully Initialized for FinanceSection
Apr 09, 2025 6:02:54 PM gui.FinanceSection setupLogger
INFO: Logger Successfully Initialized for FinanceSection
Apr 09, 2025 6:06:12 PM gui.FinanceSection setupLogger
INFO: Logger Successfully Initialized for FinanceSection
Apr 09, 2025 6:10:39 PM gui.FinanceSection setupLogger
INFO: Logger Successfully Initialized for FinanceSection
Apr 09, 2025 6:11:22 PM gui.FinanceSection setupLogger
INFO: Logger Successfully Initialized for FinanceSection
