Mar 29, 2025 1:07:55 PM gui.LogIn setupLogger
INFO: Log In Setup Success
Mar 29, 2025 1:10:08 PM gui.LogIn setupLogger
INFO: Log In Setup Success
Mar 29, 2025 1:11:35 PM gui.LogIn setupLogger
INFO: Log In Setup Success
Mar 29, 2025 1:12:07 PM gui.LogIn setupLogger
INFO: Log In Setup Success
Mar 29, 2025 1:12:17 PM gui.LogIn setupLogger
INFO: Log In Setup Success
Mar 29, 2025 1:13:00 PM gui.LogIn setupLogger
INFO: Log In Setup Success
Mar 29, 2025 1:13:18 PM gui.LogIn setupLogger
INFO: Log In Setup Success
Mar 29, 2025 1:15:25 PM gui.LogIn setupLogger
INFO: Log In Setup Success
Mar 29, 2025 1:15:32 PM gui.LogIn setupLogger
INFO: Log In Setup Success
Mar 29, 2025 1:16:54 PM gui.LogIn setupLogger
INFO: Log In Setup Success
Mar 29, 2025 1:18:14 PM gui.LogIn setupLogger
INFO: Log In Setup Success
Mar 29, 2025 1:20:24 PM gui.LogIn setupLogger
INFO: Log In Setup Success
Mar 29, 2025 1:20:37 PM gui.LogIn setupLogger
INFO: Log In Setup Success
Mar 29, 2025 1:22:02 PM gui.LogIn setupLogger
INFO: Log In Setup Success
Mar 29, 2025 1:26:07 PM gui.LogIn setupLogger
INFO: Log In Setup Success
Mar 29, 2025 1:27:31 PM gui.LogIn setupLogger
INFO: Log In Setup Success
Mar 29, 2025 1:27:42 PM gui.LogIn setupLogger
INFO: Log In Setup Success
Mar 29, 2025 1:29:30 PM gui.LogIn setupLogger
INFO: Log In Setup Success
Mar 29, 2025 1:30:03 PM gui.LogIn setupLogger
INFO: Log In Setup Success
Mar 29, 2025 1:30:13 PM gui.LogIn setupLogger
INFO: Log In Setup Success
Mar 29, 2025 1:31:11 PM gui.LogIn setupLogger
INFO: Log In Setup Success
Mar 29, 2025 1:32:36 PM gui.LogIn setupLogger
INFO: Log In Setup Success
Mar 29, 2025 1:32:55 PM gui.LogIn setupLogger
INFO: Log In Setup Success
Mar 29, 2025 1:44:18 PM gui.LogIn setupLogger
INFO: Log In Setup Success
Mar 29, 2025 1:46:31 PM gui.LogIn setupLogger
INFO: Log In Setup Success
Mar 29, 2025 1:49:03 PM gui.LogIn setupLogger
INFO: Log In Setup Success
Mar 29, 2025 1:49:18 PM gui.LogIn setupLogger
INFO: Log In Setup Success
Mar 29, 2025 1:52:41 PM gui.LogIn setupLogger
INFO: Log In Setup Success
Mar 29, 2025 1:53:00 PM gui.LogIn setupLogger
INFO: Log In Setup Success
Mar 29, 2025 6:32:32 PM gui.LogIn setupLogger
INFO: Log In Setup Success
Mar 29, 2025 6:35:11 PM gui.LogIn setupLogger
INFO: Log In Setup Success
Mar 29, 2025 6:35:52 PM gui.LogIn setupLogger
INFO: Log In Setup Success
Mar 29, 2025 6:36:42 PM gui.LogIn setupLogger
INFO: Log In Setup Success
Mar 29, 2025 6:38:05 PM gui.LogIn setupLogger
INFO: Log In Setup Success
Mar 29, 2025 6:38:45 PM gui.LogIn setupLogger
INFO: Log In Setup Success
Mar 29, 2025 6:39:01 PM gui.LogIn setupLogger
INFO: Log In Setup Success
Mar 29, 2025 6:39:30 PM gui.LogIn setupLogger
INFO: Log In Setup Success
Mar 29, 2025 6:40:10 PM gui.LogIn setupLogger
INFO: Log In Setup Success
Mar 29, 2025 6:40:50 PM gui.LogIn setupLogger
INFO: Log In Setup Success
Mar 29, 2025 6:42:05 PM gui.LogIn setupLogger
INFO: Log In Setup Success
Mar 29, 2025 6:45:25 PM gui.LogIn setupLogger
INFO: Log In Setup Success
Mar 29, 2025 6:47:13 PM gui.LogIn setupLogger
INFO: Log In Setup Success
Mar 29, 2025 6:55:51 PM gui.LogIn setupLogger
INFO: Log In Setup Success
Mar 29, 2025 6:57:07 PM gui.LogIn setupLogger
INFO: Log In Setup Success
Mar 29, 2025 7:06:00 PM gui.LogIn setupLogger
INFO: Log In Setup Success
Mar 29, 2025 7:06:48 PM gui.LogIn setupLogger
INFO: Log In Setup Success
Mar 29, 2025 7:06:53 PM gui.LogIn setupLogger
INFO: Log In Setup Success
Mar 29, 2025 7:12:10 PM gui.LogIn setupLogger
INFO: Log In Setup Success
Mar 29, 2025 7:13:13 PM gui.LogIn setupLogger
INFO: Log In Setup Success
Mar 29, 2025 7:17:22 PM gui.LogIn setupLogger
INFO: Log In Setup Success
Mar 29, 2025 7:18:56 PM gui.LogIn setupLogger
INFO: Log In Setup Success
Mar 29, 2025 7:19:27 PM gui.LogIn setupLogger
INFO: Log In Setup Success
Mar 29, 2025 7:19:58 PM gui.LogIn setupLogger
INFO: Log In Setup Success
Mar 29, 2025 7:20:23 PM gui.LogIn setupLogger
INFO: Log In Setup Success
Mar 29, 2025 7:29:50 PM gui.LogIn setupLogger
INFO: Log In Setup Success
Mar 29, 2025 7:30:41 PM gui.LogIn setupLogger
INFO: Log In Setup Success
Mar 29, 2025 7:40:56 PM gui.LogIn setupLogger
INFO: Log In Setup Success
Mar 29, 2025 7:41:01 PM gui.LogIn jButton3ActionPerformed
SEVERE: Failed to Retrive Software Keys
Mar 29, 2025 7:41:16 PM gui.LogIn setupLogger
INFO: Log In Setup Success
Mar 29, 2025 7:41:49 PM gui.LogIn setupLogger
INFO: Log In Setup Success
Mar 29, 2025 7:43:28 PM gui.LogIn setupLogger
INFO: Log In Setup Success
Mar 29, 2025 7:44:53 PM gui.LogIn setupLogger
INFO: Log In Setup Success
Mar 29, 2025 7:45:28 PM gui.LogIn setupLogger
INFO: Log In Setup Success
Mar 29, 2025 7:46:00 PM gui.LogIn setupLogger
INFO: Log In Setup Success
Mar 29, 2025 7:46:25 PM gui.LogIn setupLogger
INFO: Log In Setup Success
Apr 01, 2025 10:39:18 AM gui.LogIn setupLogger
INFO: Log In Setup Success
Apr 01, 2025 1:04:07 PM gui.LogIn setupLogger
INFO: Log In Setup Success
Apr 01, 2025 1:26:19 PM gui.LogIn setupLogger
INFO: Log In Setup Success
Apr 01, 2025 1:27:07 PM gui.LogIn setupLogger
INFO: Log In Setup Success
Apr 01, 2025 1:27:32 PM gui.LogIn setupLogger
INFO: Log In Setup Success
Apr 01, 2025 1:28:19 PM gui.LogIn setupLogger
INFO: Log In Setup Success
Apr 01, 2025 1:38:31 PM gui.LogIn setupLogger
INFO: Log In Setup Success
Apr 01, 2025 1:39:05 PM gui.LogIn setupLogger
INFO: Log In Setup Success
Apr 01, 2025 1:39:53 PM gui.LogIn setupLogger
INFO: Log In Setup Success
Apr 01, 2025 1:40:11 PM gui.LogIn setupLogger
INFO: Log In Setup Success
Apr 01, 2025 2:03:54 PM gui.LogIn setupLogger
INFO: Log In Setup Success
Apr 01, 2025 2:05:04 PM gui.LogIn setupLogger
INFO: Log In Setup Success
Apr 01, 2025 2:10:54 PM gui.LogIn setupLogger
INFO: Log In Setup Success
Apr 01, 2025 2:11:31 PM gui.LogIn setupLogger
INFO: Log In Setup Success
