Apr 02, 2025 9:12:42 PM gui.LibrarySection setupLogger
INFO: Library Section Setup Success
Apr 02, 2025 9:19:33 PM gui.LibrarySection setupLogger
INFO: Library Section Setup Success
Apr 02, 2025 9:19:37 PM gui.LibrarySection setupLogger
INFO: Library Section Setup Success
Apr 02, 2025 9:21:31 PM gui.LibrarySection setupLogger
INFO: Library Section Setup Success
Apr 02, 2025 9:32:10 PM gui.LibrarySection setupLogger
INFO: Library Section Setup Success
Apr 02, 2025 9:33:02 PM gui.LibrarySection setupLogger
INFO: Library Section Setup Success
Apr 02, 2025 9:37:22 PM gui.LibrarySection setupLogger
INFO: Library Section Setup Success
Apr 02, 2025 9:37:25 PM gui.LibrarySection setupLogger
INFO: Library Section Setup Success
Apr 02, 2025 9:48:26 PM gui.LibrarySection setupLogger
INFO: Library Section Setup Success
Apr 02, 2025 9:49:42 PM gui.LibrarySection setupLogger
INFO: Library Section Setup Success
Apr 02, 2025 9:50:18 PM gui.LibrarySection setupLogger
INFO: Library Section Setup Success
Apr 02, 2025 9:51:48 PM gui.LibrarySection setupLogger
INFO: Library Section Setup Success
Apr 02, 2025 9:55:33 PM gui.LibrarySection setupLogger
INFO: Library Section Setup Success
Apr 02, 2025 9:57:05 PM gui.LibrarySection setupLogger
INFO: Library Section Setup Success
Apr 02, 2025 9:58:32 PM gui.LibrarySection setupLogger
INFO: Library Section Setup Success
Apr 02, 2025 9:59:37 PM gui.LibrarySection setupLogger
INFO: Library Section Setup Success
Apr 02, 2025 10:00:04 PM gui.LibrarySection setupLogger
INFO: Library Section Setup Success
Apr 04, 2025 3:19:36 PM gui.LibrarySection setupLogger
INFO: Library Section Setup Success
Apr 04, 2025 3:19:42 PM gui.LibrarySection setupLogger
INFO: Library Section Setup Success
Apr 04, 2025 3:20:08 PM gui.LibrarySection jButton3ActionPerformed
SEVERE: Book Registration Failed java.sql.SQLException: Illegal operation on empty result set.
Apr 04, 2025 3:21:18 PM gui.LibrarySection setupLogger
INFO: Library Section Setup Success
Apr 04, 2025 3:21:24 PM gui.LibrarySection jButton3ActionPerformed
SEVERE: Book Registration Failed java.sql.SQLSyntaxErrorException: You have an error in your SQL syntax; check the manual that corresponds to your MySQL server version for the right syntax to use near '(`id`,`name`,`author`,`date_added`,`bookcat_id`,`Librarian_nic`,`bookavailabilit' at line 1
Apr 04, 2025 3:21:58 PM gui.LibrarySection setupLogger
INFO: Library Section Setup Success
Apr 04, 2025 3:22:04 PM gui.LibrarySection jButton3ActionPerformed
SEVERE: Book Registration Failed java.sql.SQLIntegrityConstraintViolationException: Cannot add or update a child row: a foreign key constraint fails (`librarym`.`booklibrary`, CONSTRAINT `fk_booklibrary_Librarian1` FOREIGN KEY (`Librarian_nic`) REFERENCES `librarian` (`nic`))
Apr 04, 2025 3:23:56 PM gui.LibrarySection setupLogger
INFO: Library Section Setup Success
Apr 04, 2025 3:24:05 PM gui.LibrarySection jButton3ActionPerformed
SEVERE: Book Registration Failed java.sql.SQLIntegrityConstraintViolationException: Cannot add or update a child row: a foreign key constraint fails (`librarym`.`booklibrary`, CONSTRAINT `fk_booklibrary_Librarian1` FOREIGN KEY (`Librarian_nic`) REFERENCES `librarian` (`nic`))
Apr 04, 2025 3:24:46 PM gui.LibrarySection setupLogger
INFO: Library Section Setup Success
Apr 04, 2025 3:24:52 PM gui.LibrarySection jButton3ActionPerformed
SEVERE: Book Registration Failed java.sql.SQLIntegrityConstraintViolationException: Cannot add or update a child row: a foreign key constraint fails (`librarym`.`booklibrary`, CONSTRAINT `fk_booklibrary_Librarian1` FOREIGN KEY (`Librarian_nic`) REFERENCES `librarian` (`nic`))
Apr 04, 2025 3:26:28 PM gui.LibrarySection setupLogger
INFO: Library Section Setup Success
Apr 04, 2025 3:27:59 PM gui.LibrarySection setupLogger
INFO: Library Section Setup Success
Apr 04, 2025 3:28:05 PM gui.LibrarySection jButton3ActionPerformed
SEVERE: Book Registration Failed java.sql.SQLIntegrityConstraintViolationException: Cannot add or update a child row: a foreign key constraint fails (`librarym`.`booklibrary`, CONSTRAINT `fk_booklibrary_Librarian1` FOREIGN KEY (`Librarian_nic`) REFERENCES `librarian` (`nic`))
Apr 04, 2025 3:29:01 PM gui.LibrarySection setupLogger
INFO: Library Section Setup Success
Apr 04, 2025 3:29:08 PM gui.LibrarySection jButton3ActionPerformed
SEVERE: Book Registration Failed java.sql.SQLSyntaxErrorException: You have an error in your SQL syntax; check the manual that corresponds to your MySQL server version for the right syntax to use near '1'')' at line 1
Apr 04, 2025 3:30:58 PM gui.LibrarySection setupLogger
INFO: Library Section Setup Success
Apr 04, 2025 3:42:04 PM gui.LibrarySection setupLogger
INFO: Library Section Setup Success
Apr 04, 2025 3:45:30 PM gui.LibrarySection setupLogger
INFO: Library Section Setup Success
Apr 04, 2025 3:51:32 PM gui.LibrarySection setupLogger
INFO: Library Section Setup Success
Apr 04, 2025 4:08:58 PM gui.LibrarySection setupLogger
INFO: Library Section Setup Success
Apr 04, 2025 4:09:20 PM gui.LibrarySection jTextField4KeyReleased
SEVERE: Failed to get Book Information to Updatejava.lang.NullPointerException
Apr 04, 2025 4:11:14 PM gui.LibrarySection setupLogger
INFO: Library Section Setup Success
Apr 04, 2025 4:11:29 PM gui.LibrarySection jTextField4KeyReleased
SEVERE: Failed to get Book Information to Updatejava.lang.NullPointerException
Apr 04, 2025 4:12:11 PM gui.LibrarySection setupLogger
INFO: Library Section Setup Success
Apr 04, 2025 4:12:51 PM gui.LibrarySection setupLogger
INFO: Library Section Setup Success
Apr 04, 2025 4:13:34 PM gui.LibrarySection setupLogger
INFO: Library Section Setup Success
Apr 04, 2025 4:17:30 PM gui.LibrarySection setupLogger
INFO: Library Section Setup Success
Apr 04, 2025 4:23:18 PM gui.LibrarySection setupLogger
INFO: Library Section Setup Success
Apr 04, 2025 4:23:41 PM gui.LibrarySection jButton4ActionPerformed
SEVERE: Book Registration Failed java.sql.SQLSyntaxErrorException: You have an error in your SQL syntax; check the manual that corresponds to your MySQL server version for the right syntax to use near ','gfg', `bookcat_id`='323',  `bookavailability_id`='2' WHERE `id` = '99463505'' at line 1
Apr 04, 2025 4:24:48 PM gui.LibrarySection setupLogger
INFO: Library Section Setup Success
Apr 04, 2025 4:27:52 PM gui.LibrarySection setupLogger
INFO: Library Section Setup Success
Apr 04, 2025 4:28:42 PM gui.LibrarySection setupLogger
INFO: Library Section Setup Success
Apr 04, 2025 4:29:51 PM gui.LibrarySection setupLogger
INFO: Library Section Setup Success
Apr 04, 2025 4:31:53 PM gui.LibrarySection setupLogger
INFO: Library Section Setup Success
Apr 04, 2025 9:31:25 PM gui.LibrarySection setupLogger
INFO: Library Section Setup Success
Apr 04, 2025 9:32:00 PM gui.LibrarySection setupLogger
INFO: Library Section Setup Success
Apr 04, 2025 9:33:30 PM gui.LibrarySection setupLogger
INFO: Library Section Setup Success
Apr 04, 2025 9:35:59 PM gui.LibrarySection setupLogger
INFO: Library Section Setup Success
Apr 04, 2025 9:50:36 PM gui.LibrarySection setupLogger
INFO: Library Section Setup Success
Apr 04, 2025 9:51:06 PM gui.LibrarySection jButton7ActionPerformed
SEVERE: Failed to Insert Location java.sql.SQLSyntaxErrorException: You have an error in your SQL syntax; check the manual that corresponds to your MySQL server version for the right syntax to use near 'WHERE `booklibrary_id` = '99463505'' at line 1
Apr 04, 2025 9:55:14 PM gui.LibrarySection setupLogger
INFO: Library Section Setup Success
Apr 04, 2025 9:57:23 PM gui.LibrarySection setupLogger
INFO: Library Section Setup Success
Apr 04, 2025 9:57:38 PM gui.LibrarySection jButton7ActionPerformed
SEVERE: Failed to Insert Location java.sql.SQLSyntaxErrorException: You have an error in your SQL syntax; check the manual that corresponds to your MySQL server version for the right syntax to use near 'WHERE `booklibrary_id` = '99463505'' at line 1
Apr 04, 2025 10:00:49 PM gui.LibrarySection setupLogger
INFO: Library Section Setup Success
Apr 04, 2025 10:02:05 PM gui.LibrarySection setupLogger
INFO: Library Section Setup Success
Apr 04, 2025 10:02:24 PM gui.LibrarySection jButton7ActionPerformed
SEVERE: Failed to Insert Location java.sql.SQLSyntaxErrorException: You have an error in your SQL syntax; check the manual that corresponds to your MySQL server version for the right syntax to use near 'WHERE `booklibrary_id` = '99463505'' at line 1
Apr 04, 2025 10:04:56 PM gui.LibrarySection setupLogger
INFO: Library Section Setup Success
Apr 04, 2025 10:05:19 PM gui.LibrarySection jButton7ActionPerformed
SEVERE: Failed to Insert Location java.sql.SQLSyntaxErrorException: You have an error in your SQL syntax; check the manual that corresponds to your MySQL server version for the right syntax to use near 'WHERE `booklibrary_id` = '99463505'' at line 1
Apr 04, 2025 10:07:18 PM gui.LibrarySection setupLogger
INFO: Library Section Setup Success
Apr 04, 2025 10:09:57 PM gui.LibrarySection setupLogger
INFO: Library Section Setup Success
Apr 04, 2025 10:18:27 PM gui.LibrarySection setupLogger
INFO: Library Section Setup Success
Apr 04, 2025 10:19:53 PM gui.LibrarySection setupLogger
INFO: Library Section Setup Success
Apr 04, 2025 10:20:45 PM gui.LibrarySection setupLogger
INFO: Library Section Setup Success
Apr 04, 2025 10:21:59 PM gui.LibrarySection setupLogger
INFO: Library Section Setup Success
Apr 04, 2025 10:23:25 PM gui.LibrarySection setupLogger
INFO: Library Section Setup Success
Apr 04, 2025 10:25:49 PM gui.LibrarySection setupLogger
INFO: Library Section Setup Success
